0 info it worked if it ends with ok
1 verbose cli [ '/home/brunot/.nvm/versions/node/v6.9.4/bin/node',
1 verbose cli   '/home/brunot/.nvm/versions/node/v6.9.4/bin/npm',
1 verbose cli   'start' ]
2 info using npm@4.1.2
3 info using node@v6.9.4
4 verbose run-script [ 'prestart', 'start', 'poststart' ]
5 info lifecycle frontend-test@0.0.1~prestart: frontend-test@0.0.1
6 silly lifecycle frontend-test@0.0.1~prestart: no script for prestart, continuing
7 info lifecycle frontend-test@0.0.1~start: frontend-test@0.0.1
8 verbose lifecycle frontend-test@0.0.1~start: unsafe-perm in lifecycle true
9 verbose lifecycle frontend-test@0.0.1~start: PATH: /home/brunot/.nvm/versions/node/v6.9.4/lib/node_modules/npm/bin/node-gyp-bin:/home/brunot/workspace/InfoGlobo/desafio-front-end/node_modules/.bin:/home/brunot/.nvm/versions/node/v6.9.4/bin:/home/brunot/.sdkman/candidates/gradle/current/bin:/home/brunot/.sdkman/candidates/ant/current/bin:/home/brunot/mongodb/mongodb-linux-x86_64-rhel70-3.2.11/bin:/home/brunot/mongodb/mongodb-linux-x86_64-rhel70-3.2.11/bin:/usr/lib64/qt-3.3/bin:/home/brunot/.rvm/gems/ruby-2.3.1/bin:/home/brunot/.rvm/gems/ruby-2.3.1@global/bin:/home/brunot/.rvm/rubies/ruby-2.3.1/bin:/usr/local/bin:/usr/local/sbin:/usr/bin:/usr/sbin:/bin:/sbin:/home/brunot/.rvm/bin:/opt/ibm/c4eb/bin:/home/brunot/Android/Sdk/tools:/home/brunot/Android/Sdk/platform-tools:/home/brunot/android-studio/bin:/home/brunot/.rvm/bin:/usr/local/git/bin:/home/brunot/.local/bin:/home/brunot/bin:/usr/kerberos/bin:/home/brunot/Android/Sdk/tools:/home/brunot/Android/Sdk/platform-tools:/home/brunot/android-studio/bin:/home/brunot/.rvm/bin:/usr/local/git/bin
10 verbose lifecycle frontend-test@0.0.1~start: CWD: /home/brunot/workspace/InfoGlobo/desafio-front-end
11 silly lifecycle frontend-test@0.0.1~start: Args: [ '-c', 'node index.js' ]
12 silly lifecycle frontend-test@0.0.1~start: Returned: code: 1  signal: null
13 info lifecycle frontend-test@0.0.1~start: Failed to exec start script
14 verbose stack Error: frontend-test@0.0.1 start: `node index.js`
14 verbose stack Exit status 1
14 verbose stack     at EventEmitter.<anonymous> (/home/brunot/.nvm/versions/node/v6.9.4/lib/node_modules/npm/lib/utils/lifecycle.js:279:16)
14 verbose stack     at emitTwo (events.js:106:13)
14 verbose stack     at EventEmitter.emit (events.js:191:7)
14 verbose stack     at ChildProcess.<anonymous> (/home/brunot/.nvm/versions/node/v6.9.4/lib/node_modules/npm/lib/utils/spawn.js:40:14)
14 verbose stack     at emitTwo (events.js:106:13)
14 verbose stack     at ChildProcess.emit (events.js:191:7)
14 verbose stack     at maybeClose (internal/child_process.js:877:16)
14 verbose stack     at Process.ChildProcess._handle.onexit (internal/child_process.js:226:5)
15 verbose pkgid frontend-test@0.0.1
16 verbose cwd /home/brunot/workspace/InfoGlobo/desafio-front-end
17 error Linux 3.10.0-514.16.1.el7.x86_64
18 error argv "/home/brunot/.nvm/versions/node/v6.9.4/bin/node" "/home/brunot/.nvm/versions/node/v6.9.4/bin/npm" "start"
19 error node v6.9.4
20 error npm  v4.1.2
21 error code ELIFECYCLE
22 error frontend-test@0.0.1 start: `node index.js`
22 error Exit status 1
23 error Failed at the frontend-test@0.0.1 start script 'node index.js'.
23 error Make sure you have the latest version of node.js and npm installed.
23 error If you do, this is most likely a problem with the frontend-test package,
23 error not with npm itself.
23 error Tell the author that this fails on your system:
23 error     node index.js
23 error You can get information on how to open an issue for this project with:
23 error     npm bugs frontend-test
23 error Or if that isn't available, you can get their info via:
23 error     npm owner ls frontend-test
23 error There is likely additional logging output above.
24 verbose exit [ 1, true ]
